Саморазвитие
Прошел все 40 экзаменов ПДД в iPhone приложении.

Саморазвитие
Составил список автошкол вблизи работы и дома.

Карьера
Начал работать на новой работе.

Карьера
Сделал несколько секции одной из страниц приложения.

Покупки
Купил iPhone 5 :)

Бизнес
Доделал, через пол года, восстановление покупок в Паспорте. Потребовался час (!!!) времени.

Встреча
Посидели в баре с увольненцами.

Бизнес
Поправил пару багов в Паспорт и залил обновление на AppStore.

Саморазвитие
Дописал спецификацию для game сервера. Теперь можно начинать его делать.

Отдых
Хорошо провел вечер и выспался.

Бизнес
Начал работать над memoirs.

Бизнес
Сделал бесконечную прокрутку в memoirs.

Карьера
Хорошо спроектировал одну из подсистем проекта по работе.

Впечатления
Узнал куда идет 2 трамвай :) Лучше на нем не ездить.

Отдых
Ушел с работы на час раньше т.к. отработал 40 часов.
