Self-education
Decide all 40 test exams in iPhone app for driving license.

Self-education
Compiled a list of driving schools near work and home.

Career
Started working at a new job.

Career
Successfully implemented first task on new work.

Career
Successfully implemented second task related to state machine.

Business
After half year of waiting I has completed v.1.1 of Passport iOS app. It took 1 (!!!) hour.

Meeting
Visit bar with co-workers from last work.

Business
Upload Passport app to AppStore.

Self-education
Completed spec for game server.

Career
Implemented good design of one sub-system on the work.

Impressions
Back to home on #2 tram (2 hours on the way)

Relax
Had a good evening and dream.

Relax
Out of the office an hour earlier. 40 hours week completed.

Business
Started Memoirs pet-project.

Business
Implemented infinity scroll in Memoirs.
